Build started 11/17/2013 8:38:58 PM.
     1>Project "D:\Users\User\Documents\Business\Consulting\MSEPX\MSEPX\MSEPX.vcxproj" on node 2 (build target(s)).
     1>InitializeBuildStatus:
         Creating "Debug\MSEPX.unsuccessfulbuild" because "AlwaysCreate" was specified.
       ClCompile:
         All outputs are up-to-date.
         All outputs are up-to-date.
       ResourceCompile:
         All outputs are up-to-date.
       ManifestResourceCompile:
         All outputs are up-to-date.
       Link:
         All outputs are up-to-date.
       Manifest:
         All outputs are up-to-date.
       FinalizeBuildStatus:
         Deleting file "Debug\MSEPX.unsuccessfulbuild".
         Touching "Debug\MSEPX.lastbuildstate".
     1>Done Building Project "D:\Users\User\Documents\Business\Consulting\MSEPX\MSEPX\MSEPX.vcxproj" (build target(s)).

Build succeeded.

Time Elapsed 00:00:00.05
